<?xml version="1.0" encoding="UTF-8"?>
<!-- Generated by org.testng.reporters.JUnitReportReporter -->
<testsuite hostname="Rishabhs-MacBook-Air.local" failures="0" tests="3" name="devops_prj.NewTest" time="152.530" errors="0" timestamp="2024-10-23T11:23:01 IST" skipped="0">
  <testcase classname="devops_prj.NewTest" name="cLogin" time="78.465"/>
  <testcase classname="devops_prj.NewTest" name="eLogin" time="23.703"/>
  <testcase classname="devops_prj.NewTest" name="fLogin" time="50.362"/>
</testsuite> <!-- devops_prj.NewTest -->
